{"contracts\\FundMe.sol":{"l":{"21":3,"22":3,"26":11,"30":10,"31":10,"35":3,"36":2,"40":2,"45":7,"46":7,"48":2,"50":2,"53":2},"path":"C:\\Users\\sivasunil\\Desktop\\blockchain dev\\Patrick course\\hardhat-fundme-2\\contracts\\FundMe.sol","s":{"1":3,"2":3,"3":11,"4":10,"5":10,"6":3,"7":2,"8":7,"9":7,"10":2,"11":2,"12":2},"b":{"1":[10,1],"2":[1,2],"3":[2,0]},"f":{"1":3,"2":11,"3":3,"4":2},"fnMap":{"1":{"name":"constructor","line":20,"loc":{"start":{"line":20,"column":4},"end":{"line":23,"column":4}}},"2":{"name":"fund","line":25,"loc":{"start":{"line":25,"column":4},"end":{"line":32,"column":4}}},"3":{"name":"onlyOwner","line":34,"loc":{"start":{"line":34,"column":4},"end":{"line":37,"column":4}}},"4":{"name":"withdraw","line":39,"loc":{"start":{"line":39,"column":4},"end":{"line":54,"column":4}}}},"statementMap":{"1":{"start":{"line":21,"column":8},"end":{"line":21,"column":27}},"2":{"start":{"line":22,"column":8},"end":{"line":22,"column":59}},"3":{"start":{"line":26,"column":8},"end":{"line":26,"column":687}},"4":{"start":{"line":30,"column":8},"end":{"line":30,"column":53}},"5":{"start":{"line":31,"column":8},"end":{"line":31,"column":31}},"6":{"start":{"line":35,"column":8},"end":{"line":35,"column":52}},"7":{"start":{"line":40,"column":8},"end":{"line":40,"column":1085}},"8":{"start":{"line":45,"column":12},"end":{"line":45,"column":49}},"9":{"start":{"line":46,"column":12},"end":{"line":46,"column":44}},"10":{"start":{"line":48,"column":8},"end":{"line":48,"column":33}},"11":{"start":{"line":50,"column":8},"end":{"line":50,"column":1376}},"12":{"start":{"line":53,"column":8},"end":{"line":53,"column":42}}},"branchMap":{"1":{"line":26,"type":"if","locations":[{"start":{"line":26,"column":8},"end":{"line":26,"column":8}},{"start":{"line":26,"column":8},"end":{"line":26,"column":8}}]},"2":{"line":35,"type":"if","locations":[{"start":{"line":35,"column":8},"end":{"line":35,"column":8}},{"start":{"line":35,"column":8},"end":{"line":35,"column":8}}]},"3":{"line":53,"type":"if","locations":[{"start":{"line":53,"column":8},"end":{"line":53,"column":8}},{"start":{"line":53,"column":8},"end":{"line":53,"column":8}}]}}},"contracts\\PriceConverter.sol":{"l":{"12":11,"14":11,"23":11,"24":11,"26":11},"path":"C:\\Users\\sivasunil\\Desktop\\blockchain dev\\Patrick course\\hardhat-fundme-2\\contracts\\PriceConverter.sol","s":{"1":11,"2":11,"3":11,"4":11,"5":11},"b":{},"f":{"1":11,"2":11},"fnMap":{"1":{"name":"getPrice","line":10,"loc":{"start":{"line":10,"column":4},"end":{"line":15,"column":4}}},"2":{"name":"getConversionRate","line":18,"loc":{"start":{"line":18,"column":4},"end":{"line":27,"column":4}}}},"statementMap":{"1":{"start":{"line":12,"column":8},"end":{"line":12,"column":61}},"2":{"start":{"line":14,"column":8},"end":{"line":14,"column":44}},"3":{"start":{"line":23,"column":8},"end":{"line":23,"column":46}},"4":{"start":{"line":24,"column":8},"end":{"line":24,"column":77}},"5":{"start":{"line":26,"column":8},"end":{"line":26,"column":29}}},"branchMap":{}},"contracts\\test\\MockV3Aggregator.sol":{"l":{},"path":"C:\\Users\\sivasunil\\Desktop\\blockchain dev\\Patrick course\\hardhat-fundme-2\\contracts\\test\\MockV3Aggregator.sol","s":{},"b":{},"f":{},"fnMap":{},"statementMap":{},"branchMap":{}}}