TN:
SF:C:\Users\sivasunil\Desktop\blockchain dev\Patrick course\hardhat-fundme-2\contracts\FundMe.sol
FN:20,constructor
FN:25,fund
FN:34,onlyOwner
FN:39,withdraw
FNF:4
FNH:4
FNDA:3,constructor
FNDA:11,fund
FNDA:3,onlyOwner
FNDA:2,withdraw
DA:21,3
DA:22,3
DA:26,11
DA:30,10
DA:31,10
DA:35,3
DA:36,2
DA:40,2
DA:45,7
DA:46,7
DA:48,2
DA:50,2
DA:53,2
LF:13
LH:13
BRDA:26,1,0,10
BRDA:26,1,1,1
BRDA:35,2,0,1
BRDA:35,2,1,2
BRDA:53,3,0,2
BRDA:53,3,1,0
BRF:6
BRH:5
end_of_record
TN:
SF:C:\Users\sivasunil\Desktop\blockchain dev\Patrick course\hardhat-fundme-2\contracts\PriceConverter.sol
FN:10,getPrice
FN:18,getConversionRate
FNF:2
FNH:2
FNDA:11,getPrice
FNDA:11,getConversionRate
DA:12,11
DA:14,11
DA:23,11
DA:24,11
DA:26,11
LF:5
LH:5
BRF:0
BRH:0
end_of_record
TN:
SF:C:\Users\sivasunil\Desktop\blockchain dev\Patrick course\hardhat-fundme-2\contracts\test\MockV3Aggregator.sol
FNF:0
FNH:0
LF:0
LH:0
BRF:0
BRH:0
end_of_record
